# project  configured on Sat Mar 21 20:51:02 2015 by
# waf 1.7.11 (abi 98, python 20709f0 on darwin)
# using /Users/jpalazz2/pebble-dev/PebbleSDK-3.0-dp4/Pebble/waf configure build
#
----------------------------------------
Setting top to
/Users/jpalazz2/Documents/toothless-animated
----------------------------------------
Setting out to
/Users/jpalazz2/Documents/toothless-animated/build
----------------------------------------
Found Pebble SDK for basalt in:
/Users/jpalazz2/pebble-dev/PebbleSDK-3.0-dp4/Pebble/basalt
----------------------------------------
Checking for program gcc,cc
arm-none-eabi-gcc
find program=['gcc', 'cc'] paths='' var='CC' -> 'arm-none-eabi-gcc'
----------------------------------------
Checking for program ar
arm-none-eabi-ar
find program=['ar'] paths='' var='AR' -> 'arm-none-eabi-ar'
----------------------------------------
Found Pebble SDK for aplite in:
/Users/jpalazz2/pebble-dev/PebbleSDK-3.0-dp4/Pebble/aplite
----------------------------------------
Checking for program gcc,cc
arm-none-eabi-gcc
find program=['gcc', 'cc'] paths='' var='CC' -> 'arm-none-eabi-gcc'
----------------------------------------
Checking for program ar
arm-none-eabi-ar
find program=['ar'] paths='' var='AR' -> 'arm-none-eabi-ar'
